Arguments: 
  C:\Program Files\nodejs\node.exe C:\Users\Ajay singh\AppData\Roaming\npm\node_modules\yarn\bin\yarn.js add @tensorflow/tfjs-node

PATH: 
  C:\Program Files\Common Files\Oracle\Java\javapath;C:\Program Files\Python310\Scripts\;C:\Program Files\Python310\;C:\WINDOWS\system32;C:\WINDOWS;C:\WINDOWS\System32\Wbem;C:\WINDOWS\System32\WindowsPowerShell\v1.0\;C:\WINDOWS\System32\OpenSSH\;C:\Program Files\Git\cmd;C:\MinGW\bin;C:\Program Files\dotnet\;C:\Users\Ajay singh\AppData\Roaming\nvm;C:\Program Files\nodejs;C:\Program Files\nodejs\;C:\Program Files\Coder\bin;C:\Program Files\Docker\Docker\resources\bin;C:\Program Files\MySQL\MySQL Shell 8.0\bin\;C:\Users\Ajay singh\AppData\Local\Microsoft\WindowsApps;C:\Users\Ajay singh\AppData\Local\Programs\Microsoft VS Code\bin;C:\src\flutter\bin;C:\Users\Ajay singh\AppData\Local\Pub\Cache\bin\;C:\Users\Ajay singh\AppData\Local\GitHubDesktop\bin;C:\Program Files\heroku\bin;C:\Users\Ajay singh\AppData\Roaming\nvm;C:\Program Files\nodejs;C:\Users\Ajay singh\AppData\Roaming\npm

Yarn version: 
  1.22.18

Node version: 
  18.15.0

Platform: 
  win32 x64

Trace: 
  Error: connect ECONNABORTED 104.16.24.34:443
      at TCPConnectWrap.afterConnect [as oncomplete] (node:net:1494:16)

npm manifest: 
  {
    "name": "server",
    "version": "1.0.0",
    "description": "",
    "main": "index.ts",
    "scripts": {
      "test": "echo \"Error: no test specified\" && exit 1",
      "start": "node dist/index.js",
      "dev": "concurrently \"npx tsc --watch\" \"nodemon -q dist/index.js\""
    },
    "keywords": [],
    "author": "",
    "license": "ISC",
    "dependencies": {
      "cors": "^2.8.5",
      "dotenv": "^16.3.1",
      "express": "^4.18.2",
      "mongodb": "^5.7.0",
      "mongoose": "^7.4.3"
    },
    "devDependencies": {
      "@types/cors": "^2.8.13",
      "@types/express": "^4.17.17",
      "concurrently": "^8.2.0",
      "nodemon": "^3.0.1",
      "ts-node-dev": "^2.0.0",
      "typescript": "^5.1.6"
    }
  }

yarn manifest: 
  No manifest

Lockfile: 
  No lockfile
